C51 COMPILER V9.60.7.0   DELAY                                                             12/16/2023 13:30:49 PAGE 1   


C51 COMPILER V9.60.7.0, COMPILATION OF MODULE DELAY
OBJECT MODULE PLACED IN .\Objects\delay.obj
COMPILER INVOKED BY: G:\ARM KEIL MDK\C51\BIN\C51.EXE delay.c OPTIMIZE(8,SPEED) BROWSE DEBUG OBJECTEXTEND PRINT(.\Listing
                    -s\delay.lst) TABS(2) OBJECT(.\Objects\delay.obj)

line level    source

   1          
   2          #include<INTRINS.H>
   3          void delay(unsigned char xms)
   4          {
   5   1        unsigned char  i, j;
   6   1        while(xms>0)
   7   1        {
   8   2          _nop_();
   9   2          i=2;
  10   2          j=199;
  11   2          do
  12   2          {
  13   3            while(--j);
  14   3          }while(--i);
  15   2          xms--;
  16   2        }
  17   1      }


MODULE INFORMATION:   STATIC OVERLAYABLE
   CODE SIZE        =     19    ----
   CONSTANT SIZE    =   ----    ----
   XDATA SIZE       =   ----    ----
   PDATA SIZE       =   ----    ----
   DATA SIZE        =   ----    ----
   IDATA SIZE       =   ----    ----
   BIT SIZE         =   ----    ----
END OF MODULE INFORMATION.


C51 COMPILATION COMPLETE.  0 WARNING(S),  0 ERROR(S)
