C51 COMPILER V9.60.7.0   DS18B20                                                           12/16/2023 13:32:18 PAGE 1   


C51 COMPILER V9.60.7.0, COMPILATION OF MODULE DS18B20
OBJECT MODULE PLACED IN .\Objects\DS18B20.obj
COMPILER INVOKED BY: G:\ARM KEIL MDK\C51\BIN\C51.EXE DS18B20.c OPTIMIZE(8,SPEED) BROWSE DEBUG OBJECTEXTEND PRINT(.\Listi
                    -ngs\DS18B20.lst) TABS(2) OBJECT(.\Objects\DS18B20.obj)

line level    source

   1          #include<REGX52.H >
   2          #include"onewire.h"
   3          #define DS18B20_SKIP_ROM        0XCC
   4          #define DS18B20_CONVERT_T       0X44
   5          #define DS18B20_READ_SCRATCHPAD 0XBE
   6          void DS18B20_ConvertT(void)
   7          {
   8   1        onewire_Init();
   9   1        onewire_SendByte(DS18B20_SKIP_ROM);
  10   1        onewire_SendByte(DS18B20_CONVERT_T);
  11   1      }
  12          
  13          float DS18B20_ReadT(void)
  14          {
  15   1        unsigned char TLSB,TMSB;
  16   1        int temp;
  17   1        float t;
  18   1        onewire_Init();
  19   1        onewire_SendByte(DS18B20_SKIP_ROM);
  20   1        onewire_SendByte(DS18B20_READ_SCRATCHPAD);
  21   1        TLSB=onewire_ReceiveByte();
  22   1        TMSB=onewire_ReceiveByte();
  23   1        temp=(TMSB<<8)|TLSB;
  24   1        t=temp/16.0;
  25   1        return t;
  26   1      }


MODULE INFORMATION:   STATIC OVERLAYABLE
   CODE SIZE        =     56    ----
   CONSTANT SIZE    =   ----    ----
   XDATA SIZE       =   ----    ----
   PDATA SIZE       =   ----    ----
   DATA SIZE        =   ----       1
   IDATA SIZE       =   ----    ----
   BIT SIZE         =   ----    ----
END OF MODULE INFORMATION.


C51 COMPILATION COMPLETE.  0 WARNING(S),  0 ERROR(S)
