C51 COMPILER V9.60.7.0   MAIN                                                              12/16/2023 13:39:53 PAGE 1   


C51 COMPILER V9.60.7.0, COMPILATION OF MODULE MAIN
OBJECT MODULE PLACED IN .\Objects\main.obj
COMPILER INVOKED BY: G:\ARM KEIL MDK\C51\BIN\C51.EXE main.c OPTIMIZE(8,SPEED) BROWSE DEBUG OBJECTEXTEND PRINT(.\Listings
                    -\main.lst) TABS(2) OBJECT(.\Objects\main.obj)

line level    source

   1          #include<REGX52.H>
   2          #include"LCD1602.h"
   3          #include"DS18B20.h"
   4          #include"UART.h"
   5          #include"delay.h"
   6          float T;
   7          void main()
   8          {
   9   1        DS18B20_ConvertT();
  10   1        delay(1000);
  11   1        LCD_Init();
  12   1        LCD_ShowString(1,1,"Temperature");
  13   1        while (1)
  14   1        {
  15   2        UART_Init();
  16   2          DS18B20_ConvertT();
  17   2        T=DS18B20_ReadT();
  18   2        if (T<0)
  19   2        {
  20   3          LCD_ShowChar(2,1,'-');
  21   3            T=-T;
  22   3        }
  23   2        else {LCD_ShowChar (2,1,'+');}
  24   2        LCD_ShowNum(2,2,T,3);
  25   2        LCD_ShowChar (2,5,'.');
  26   2        LCD_ShowNum(2,6,(unsigned long)(T*10000)%10000,4);
  27   2        UART_SendByte(T);
  28   2        }
  29   1      }


MODULE INFORMATION:   STATIC OVERLAYABLE
   CODE SIZE        =    191    ----
   CONSTANT SIZE    =     12    ----
   XDATA SIZE       =   ----    ----
   PDATA SIZE       =   ----    ----
   DATA SIZE        =      4    ----
   IDATA SIZE       =   ----    ----
   BIT SIZE         =   ----    ----
END OF MODULE INFORMATION.


C51 COMPILATION COMPLETE.  0 WARNING(S),  0 ERROR(S)
