C51 COMPILER V9.60.7.0   ONEWIRE                                                           12/16/2023 13:30:49 PAGE 1   


C51 COMPILER V9.60.7.0, COMPILATION OF MODULE ONEWIRE
OBJECT MODULE PLACED IN .\Objects\onewire.obj
COMPILER INVOKED BY: G:\ARM KEIL MDK\C51\BIN\C51.EXE onewire.c OPTIMIZE(8,SPEED) BROWSE DEBUG OBJECTEXTEND PRINT(.\Listi
                    -ngs\onewire.lst) TABS(2) OBJECT(.\Objects\onewire.obj)

line level    source

   1          #include<REGX52.H>
   2          
   3          sbit onewire_DQ=P3^7;
   4          unsigned char onewire_Init(void)
   5          {
   6   1        unsigned char i;
   7   1        unsigned char AckBit;
   8   1        onewire_DQ=1;
   9   1        onewire_DQ=0;
  10   1        i=247;while (--i);  //delay 500us
  11   1         onewire_DQ=1;
  12   1        i=32;while (--i); //delay 70us
  13   1        AckBit=onewire_DQ;
  14   1        i=247;while (--i);  //delay 500us
  15   1        return AckBit;
  16   1      }
  17          void onewire_SendBit(unsigned char Bit)
  18          {
  19   1        unsigned char i;
  20   1        onewire_DQ=0; 
  21   1        i=4;while(--i);   //delay10us
  22   1        onewire_DQ=Bit;
  23   1        i=24;while(--i);  //delay 50us
  24   1        onewire_DQ=1;
  25   1      }
  26          unsigned char onewire_ReceiveBit(void)
  27          {
  28   1        unsigned char i;
  29   1        unsigned char Bit;
  30   1        onewire_DQ=0;
  31   1        i=2;while(--i);//delay5us
  32   1        onewire_DQ=1;
  33   1        i=2;while(--i);//delay5us
  34   1        Bit=onewire_DQ;
  35   1        i=24;while(--i);//delay50us
  36   1        return Bit;
  37   1        
  38   1      }
  39          void onewire_SendByte (unsigned char Byte)
  40          {
  41   1        unsigned char i;
  42   1        for (i=0;i<8;i++)
  43   1        {
  44   2          onewire_SendBit(Byte&0x01<<i);
  45   2        }
  46   1      }
  47          unsigned char onewire_ReceiveByte (void)
  48          {
  49   1        unsigned char i;
  50   1        unsigned char Byte=0x00;
  51   1        for (i=0;i<8;i++)
  52   1        {
  53   2          if (onewire_ReceiveBit()){Byte|=(0x01<<i);}
  54   2        }
C51 COMPILER V9.60.7.0   ONEWIRE                                                           12/16/2023 13:30:49 PAGE 2   

  55   1        return Byte;
  56   1      }
  57            
  58          
  59          
  60          


MODULE INFORMATION:   STATIC OVERLAYABLE
   CODE SIZE        =    122    ----
   CONSTANT SIZE    =   ----    ----
   XDATA SIZE       =   ----    ----
   PDATA SIZE       =   ----    ----
   DATA SIZE        =   ----    ----
   IDATA SIZE       =   ----    ----
   BIT SIZE         =   ----    ----
END OF MODULE INFORMATION.


C51 COMPILATION COMPLETE.  0 WARNING(S),  0 ERROR(S)
