C51 COMPILER V9.60.7.0   UART                                                              12/16/2023 13:36:31 PAGE 1   


C51 COMPILER V9.60.7.0, COMPILATION OF MODULE UART
OBJECT MODULE PLACED IN .\Objects\UART.obj
COMPILER INVOKED BY: G:\ARM KEIL MDK\C51\BIN\C51.EXE UART.c OPTIMIZE(8,SPEED) BROWSE DEBUG OBJECTEXTEND PRINT(.\Listings
                    -\UART.lst) TABS(2) OBJECT(.\Objects\UART.obj)

line level    source

   1          #include <REGX52.H>
   2          
   3          
   4          void UART_Init()
   5          {
   6   1        SCON=0x40;
   7   1        PCON |= 0x80;
   8   1        TMOD &= 0x0F;   
   9   1        TMOD |= 0x20; 
  10   1        TL1 = 0xF3;   
  11   1        TH1 = 0xF3; 
  12   1        ET1 = 0;    
  13   1        TR1 = 1;  
  14   1      }
  15          
  16          void UART_SendByte(unsigned char Byte)
  17          {
  18   1        SBUF=Byte;
  19   1        while(TI==0);
  20   1        TI=0;
  21   1      }


MODULE INFORMATION:   STATIC OVERLAYABLE
   CODE SIZE        =     31    ----
   CONSTANT SIZE    =   ----    ----
   XDATA SIZE       =   ----    ----
   PDATA SIZE       =   ----    ----
   DATA SIZE        =   ----    ----
   IDATA SIZE       =   ----    ----
   BIT SIZE         =   ----    ----
END OF MODULE INFORMATION.


C51 COMPILATION COMPLETE.  0 WARNING(S),  0 ERROR(S)
